0 info it worked if it ends with ok
1 verbose cli [ '/usr/local/bin/node',
1 verbose cli   '/usr/local/bin/npm',
1 verbose cli   'install',
1 verbose cli   'https://github.com/mapsplugin/cordova-plugin-googlemaps-sdk',
1 verbose cli   '--production',
1 verbose cli   '--save' ]
2 info using npm@3.10.10
3 info using node@v6.11.0
4 silly loadCurrentTree Starting
5 silly install loadCurrentTree
6 silly install readLocalPackageData
7 silly fetchPackageMetaData https://github.com/mapsplugin/cordova-plugin-googlemaps-sdk
8 silly fetchOtherPackageData https://github.com/mapsplugin/cordova-plugin-googlemaps-sdk
9 silly cache add args [ 'https://github.com/mapsplugin/cordova-plugin-googlemaps-sdk',
9 silly cache add   null ]
10 verbose cache add spec https://github.com/mapsplugin/cordova-plugin-googlemaps-sdk
11 silly cache add parsed spec Result {
11 silly cache add   raw: 'https://github.com/mapsplugin/cordova-plugin-googlemaps-sdk',
11 silly cache add   scope: null,
11 silly cache add   escapedName: null,
11 silly cache add   name: null,
11 silly cache add   rawSpec: 'https://github.com/mapsplugin/cordova-plugin-googlemaps-sdk',
11 silly cache add   spec: 'git+https://github.com/mapsplugin/cordova-plugin-googlemaps-sdk.git',
11 silly cache add   type: 'hosted',
11 silly cache add   hosted:
11 silly cache add    { type: 'github',
11 silly cache add      ssh: 'git@github.com:mapsplugin/cordova-plugin-googlemaps-sdk.git',
11 silly cache add      sshUrl: 'git+ssh://git@github.com/mapsplugin/cordova-plugin-googlemaps-sdk.git',
11 silly cache add      httpsUrl: 'git+https://github.com/mapsplugin/cordova-plugin-googlemaps-sdk.git',
11 silly cache add      gitUrl: 'git://github.com/mapsplugin/cordova-plugin-googlemaps-sdk.git',
11 silly cache add      shortcut: 'github:mapsplugin/cordova-plugin-googlemaps-sdk',
11 silly cache add      directUrl: 'https://raw.githubusercontent.com/mapsplugin/cordova-plugin-googlemaps-sdk/master/package.json' } }
12 verbose addRemoteGit caching https://github.com/mapsplugin/cordova-plugin-googlemaps-sdk
13 verbose addRemoteGit git+https://github.com/mapsplugin/cordova-plugin-googlemaps-sdk.git is a repository hosted by github
14 silly tryClone cloning git+https://github.com/mapsplugin/cordova-plugin-googlemaps-sdk.git via git+https://github.com/mapsplugin/cordova-plugin-googlemaps-sdk.git
15 verbose tryClone git-https-github-com-mapsplugin-cordova-plugin-googlemaps-sdk-git-324aac43 not in flight; caching
16 verbose correctMkdir /Users/sittipornautchariyabut/.npm/_git-remotes correctMkdir not in flight; initializing
17 info git [ 'config', '--get', 'remote.origin.url' ]
18 silly validateExistingRemote git+https://github.com/mapsplugin/cordova-plugin-googlemaps-sdk.git remote.origin.url: https://github.com/mapsplugin/cordova-plugin-googlemaps-sdk.git
19 verbose validateExistingRemote git+https://github.com/mapsplugin/cordova-plugin-googlemaps-sdk.git is updating existing cached remote /Users/sittipornautchariyabut/.npm/_git-remotes/git-https-github-com-mapsplugin-cordova-plugin-googlemaps-sdk-git-324aac43
20 info git [ 'fetch', '-a', 'origin' ]
21 error git fetch -a origin (https://github.com/mapsplugin/cordova-plugin-googlemaps-sdk.git) fatal: unable to open objects/pack/tmp_pack_l743cb: No such file or directory
21 error git fetch -a origin (https://github.com/mapsplugin/cordova-plugin-googlemaps-sdk.git) fatal: index-pack failed
22 silly fetchPackageMetaData Error: Command failed: git fetch -a origin
22 silly fetchPackageMetaData fatal: unable to open objects/pack/tmp_pack_l743cb: No such file or directory
22 silly fetchPackageMetaData fatal: index-pack failed
22 silly fetchPackageMetaData
22 silly fetchPackageMetaData     at ChildProcess.exithandler (child_process.js:204:12)
22 silly fetchPackageMetaData     at emitTwo (events.js:106:13)
22 silly fetchPackageMetaData     at ChildProcess.emit (events.js:191:7)
22 silly fetchPackageMetaData     at maybeClose (internal/child_process.js:891:16)
22 silly fetchPackageMetaData     at Process.ChildProcess._handle.onexit (internal/child_process.js:226:5)
22 silly fetchPackageMetaData  error for https://github.com/mapsplugin/cordova-plugin-googlemaps-sdk { Error: Command failed: git fetch -a origin
22 silly fetchPackageMetaData fatal: unable to open objects/pack/tmp_pack_l743cb: No such file or directory
22 silly fetchPackageMetaData fatal: index-pack failed
22 silly fetchPackageMetaData
22 silly fetchPackageMetaData     at ChildProcess.exithandler (child_process.js:204:12)
22 silly fetchPackageMetaData     at emitTwo (events.js:106:13)
22 silly fetchPackageMetaData     at ChildProcess.emit (events.js:191:7)
22 silly fetchPackageMetaData     at maybeClose (internal/child_process.js:891:16)
22 silly fetchPackageMetaData     at Process.ChildProcess._handle.onexit (internal/child_process.js:226:5)
22 silly fetchPackageMetaData   killed: false,
22 silly fetchPackageMetaData   code: 128,
22 silly fetchPackageMetaData   signal: null,
22 silly fetchPackageMetaData   cmd: 'git fetch -a origin' }
23 silly rollbackFailedOptional Starting
24 silly rollbackFailedOptional Finishing
25 silly runTopLevelLifecycles Finishing
26 silly install printInstalled
27 verbose stack Error: Command failed: git fetch -a origin
27 verbose stack fatal: unable to open objects/pack/tmp_pack_l743cb: No such file or directory
27 verbose stack fatal: index-pack failed
27 verbose stack
27 verbose stack     at ChildProcess.exithandler (child_process.js:204:12)
27 verbose stack     at emitTwo (events.js:106:13)
27 verbose stack     at ChildProcess.emit (events.js:191:7)
27 verbose stack     at maybeClose (internal/child_process.js:891:16)
27 verbose stack     at Process.ChildProcess._handle.onexit (internal/child_process.js:226:5)
28 verbose cwd /Volumes/Work/workspace/github/materialApp
29 error Darwin 17.3.0
30 error argv "/usr/local/bin/node" "/usr/local/bin/npm" "install" "https://github.com/mapsplugin/cordova-plugin-googlemaps-sdk" "--production" "--save"
31 error node v6.11.0
32 error npm  v3.10.10
33 error code 128
34 error Command failed: git fetch -a origin
34 error fatal: unable to open objects/pack/tmp_pack_l743cb: No such file or directory
34 error fatal: index-pack failed
35 error If you need help, you may report this error at:
35 error     <https://github.com/npm/npm/issues>
36 verbose exit [ 1, true ]
